<?xml version="1.0" encoding="UTF-8"?>
<!-- Generated by org.testng.reporters.JUnitReportReporter -->
<testsuite hostname="KSHITIJ-NAG" failures="0" tests="1" name="global_logistics_automation.glolog_home" time="2.743" errors="0" timestamp="2024-11-18T10:04:31 IST" skipped="0">
  <testcase classname="global_logistics_automation.glolog_home" name="navigate" time="2.743"/>
</testsuite> <!-- global_logistics_automation.glolog_home -->
