<?xml version="1.0" encoding="UTF-8"?>
<!-- Generated by org.testng.reporters.JUnitReportReporter -->
<testsuite hostname="DESKTOP-1QL7GLE" failures="0" tests="3" name="global_logistic.HomePageTest" time="2.233" errors="0" timestamp="2025-01-08T23:15:19 IST" skipped="0">
  <testcase classname="global_logistic.HomePageTest" name="username" time="0.365"/>
  <testcase classname="global_logistic.HomePageTest" name="passward" time="0.200"/>
  <testcase classname="global_logistic.HomePageTest" name="login" time="1.668"/>
</testsuite> <!-- global_logistic.HomePageTest -->
