<?xml version="1.0" encoding="UTF-8"?>
<!-- Generated by org.testng.reporters.JUnitReportReporter -->
<testsuite hostname="Shivani" failures="0" tests="4" name="globallogistics.About" time="2.075" errors="0" timestamp="2024-11-22T21:13:23 IST" skipped="0">
  <testcase classname="globallogistics.About" name="About" time="0.195"/>
  <testcase classname="globallogistics.About" name="search" time="0.057"/>
  <testcase classname="globallogistics.About" name="search1" time="0.105"/>
  <testcase classname="globallogistics.About" name="searchsubmit" time="1.718"/>
</testsuite> <!-- globallogistics.About -->
