<?xml version="1.0" encoding="UTF-8"?>
<!-- Generated by org.testng.reporters.JUnitReportReporter -->
<testsuite hostname="Shivani" failures="0" tests="7" name="globallogistics.Carrers" time="1.251" errors="0" timestamp="2024-11-18T10:19:37 IST" skipped="0">
  <testcase classname="globallogistics.Carrers" name="carrer" time="0.296"/>
  <testcase classname="globallogistics.Carrers" name="name" time="0.194"/>
  <testcase classname="globallogistics.Carrers" name="email" time="0.233"/>
  <testcase classname="globallogistics.Carrers" name="contact" time="0.107"/>
  <testcase classname="globallogistics.Carrers" name="subject" time="0.121"/>
  <testcase classname="globallogistics.Carrers" name="message" time="0.141"/>
  <testcase classname="globallogistics.Carrers" name="send" time="0.159"/>
</testsuite> <!-- globallogistics.Carrers -->
