<?xml version="1.0" encoding="UTF-8"?>
<!-- Generated by org.testng.reporters.JUnitReportReporter -->
<testsuite hostname="Shivani" failures="0" tests="4" name="globallogistics.Services" time="1.236" errors="0" timestamp="2024-11-16T01:11:22 IST" skipped="0">
  <testcase classname="globallogistics.Services" name="services" time="0.453"/>
  <testcase classname="globallogistics.Services" name="search" time="0.107"/>
  <testcase classname="globallogistics.Services" name="search1" time="0.144"/>
  <testcase classname="globallogistics.Services" name="searchsubmit" time="0.532"/>
</testsuite> <!-- globallogistics.Services -->
