<?xml version="1.0" encoding="UTF-8"?>
<!-- Generated by org.testng.reporters.JUnitReportReporter -->
<testsuite hostname="KSHITIJ-NAG" failures="0" tests="1" name="global_logistics_automation.glolog_services" time="0.589" errors="0" timestamp="2024-11-18T10:03:13 IST" skipped="0">
  <testcase classname="global_logistics_automation.glolog_services" name="services" time="0.589"/>
</testsuite> <!-- global_logistics_automation.glolog_services -->
