<?xml version="1.0" encoding="UTF-8"?>
<!-- Generated by org.testng.reporters.JUnitReportReporter -->
<testsuite hostname="DESKTOP-Q8AT4LS" failures="0" tests="1" name="Global_Logistic.CareerPage" time="0.538" errors="0" timestamp="2024-12-22T12:24:42 IST" skipped="0">
  <testcase classname="Global_Logistic.CareerPage" name="career" time="0.538"/>
</testsuite> <!-- Global_Logistic.CareerPage -->
