<?xml version="1.0" encoding="UTF-8"?>
<!-- Generated by org.testng.reporters.JUnitReportReporter -->
<testsuite hostname="DESKTOP-Q8AT4LS" failures="0" tests="1" name="testCases.TC001CareerTest" time="11.064" errors="0" timestamp="2024-12-23T13:11:31 IST" skipped="0">
  <testcase classname="testCases.TC001CareerTest" name="verify_career" time="11.064"/>
</testsuite> <!-- testCases.TC001CareerTest -->
