<?xml version="1.0" encoding="UTF-8"?>
<!-- Generated by org.testng.reporters.JUnitReportReporter -->
<testsuite hostname="DESKTOP-2E0BCCO" failures="0" tests="2" name="Global_Logistic.HomePage" time="1.444" errors="0" timestamp="2024-12-29T11:10:27 IST" skipped="0">
  <testcase classname="Global_Logistic.HomePage" name="HM1" time="0.743"/>
  <testcase classname="Global_Logistic.HomePage" name="HM2" time="0.701"/>
</testsuite> <!-- Global_Logistic.HomePage -->
