<?xml version="1.0" encoding="UTF-8"?>
<!-- Generated by org.testng.reporters.JUnitReportReporter -->
<testsuite hostname="DESKTOP-C6K58SA" failures="0" tests="7" name="globallogitic.Careers" time="2.732" errors="0" timestamp="2024-12-25T21:45:11 IST" skipped="0">
  <testcase classname="globallogitic.Careers" name="careers" time="0.768"/>
  <system-out/>
  <testcase classname="globallogitic.Careers" name="your_name" time="0.262"/>
  <system-out/>
  <testcase classname="globallogitic.Careers" name="mail_id" time="0.259"/>
  <system-out/>
  <testcase classname="globallogitic.Careers" name="contact_n" time="0.161"/>
  <system-out/>
  <testcase classname="globallogitic.Careers" name="subject" time="0.213"/>
  <system-out/>
  <testcase classname="globallogitic.Careers" name="your_msz" time="0.384"/>
  <system-out/>
  <testcase classname="globallogitic.Careers" name="send" time="0.685"/>
  <system-out/>
</testsuite> <!-- globallogitic.Careers -->
