<?xml version="1.0" encoding="UTF-8"?>
<!-- Generated by org.testng.reporters.JUnitReportReporter -->
<testsuite hostname="DESKTOP-Q8AT4LS" failures="0" tests="1" name="Global_Logistic.About" time="1.648" errors="0" timestamp="2024-12-22T18:00:07 IST" skipped="0">
  <testcase classname="Global_Logistic.About" name="goToabout" time="1.648"/>
</testsuite> <!-- Global_Logistic.About -->
