<?xml version="1.0" encoding="UTF-8"?>
<!-- Generated by org.testng.reporters.JUnitReportReporter -->
<testsuite hostname="DESKTOP-QUA52OO" failures="0" tests="10" name="globallogistic.contact" time="8.334" errors="0" timestamp="2024-12-25T21:57:59 IST" skipped="0">
  <testcase classname="globallogistic.contact" name="contact" time="1.632"/>
  <testcase classname="globallogistic.contact" name="name" time="0.353"/>
  <testcase classname="globallogistic.contact" name="email" time="0.395"/>
  <testcase classname="globallogistic.contact" name="number" time="0.344"/>
  <testcase classname="globallogistic.contact" name="subject" time="0.400"/>
  <testcase classname="globallogistic.contact" name="message" time="0.201"/>
  <testcase classname="globallogistic.contact" name="submit" time="3.105"/>
  <testcase classname="globallogistic.contact" name="go_back" time="0.422"/>
  <testcase classname="globallogistic.contact" name="email_globallogistic" time="1.061"/>
  <testcase classname="globallogistic.contact" name="zoom_in" time="0.421"/>
</testsuite> <!-- globallogistic.contact -->
