<?xml version="1.0" encoding="UTF-8"?>
<!-- Generated by org.testng.reporters.JUnitReportReporter -->
<testsuite hostname="NTBK637000" failures="0" tests="10" name="global_logistic.globalistic_service" time="0.004" errors="0" timestamp="2024-12-28T11:42:54 IST" skipped="10">
  <testcase classname="global_logistic.globalistic_service" name="navigate" time="0.000">
    <skipped/>
  </testcase> <!-- navigate -->
  <testcase classname="global_logistic.globalistic_service" name="img1" time="0.004">
    <skipped/>
  </testcase> <!-- img1 -->
  <testcase classname="global_logistic.globalistic_service" name="img2" time="0.000">
    <skipped/>
  </testcase> <!-- img2 -->
  <testcase classname="global_logistic.globalistic_service" name="img3" time="0.000">
    <skipped/>
  </testcase> <!-- img3 -->
  <testcase classname="global_logistic.globalistic_service" name="img4" time="0.000">
    <skipped/>
  </testcase> <!-- img4 -->
  <testcase classname="global_logistic.globalistic_service" name="img5" time="0.000">
    <skipped/>
  </testcase> <!-- img5 -->
  <testcase classname="global_logistic.globalistic_service" name="img6" time="0.000">
    <skipped/>
  </testcase> <!-- img6 -->
  <testcase classname="global_logistic.globalistic_service" name="img7" time="0.000">
    <skipped/>
  </testcase> <!-- img7 -->
  <testcase classname="global_logistic.globalistic_service" name="img8" time="0.000">
    <skipped/>
  </testcase> <!-- img8 -->
  <testcase classname="global_logistic.globalistic_service" name="img9" time="0.000">
    <skipped/>
  </testcase> <!-- img9 -->
</testsuite> <!-- global_logistic.globalistic_service -->
