<?xml version="1.0" encoding="UTF-8"?>
<!-- Generated by org.testng.reporters.JUnitReportReporter -->
<testsuite hostname="NTBK637000" failures="0" tests="6" name="global_logistic.globalistuc_about" time="0.005" errors="0" timestamp="2024-12-28T11:42:53 IST" skipped="6">
  <testcase classname="global_logistic.globalistuc_about" name="navigate" time="0.000">
    <skipped/>
  </testcase> <!-- navigate -->
  <testcase classname="global_logistic.globalistuc_about" name="about" time="0.000">
    <skipped/>
  </testcase> <!-- about -->
  <testcase classname="global_logistic.globalistuc_about" name="pic" time="0.000">
    <skipped/>
  </testcase> <!-- pic -->
  <testcase classname="global_logistic.globalistuc_about" name="pic1" time="0.001">
    <skipped/>
  </testcase> <!-- pic1 -->
  <testcase classname="global_logistic.globalistuc_about" name="pic2" time="0.004">
    <skipped/>
  </testcase> <!-- pic2 -->
  <testcase classname="global_logistic.globalistuc_about" name="Scroll" time="0.000">
    <skipped/>
  </testcase> <!-- Scroll -->
</testsuite> <!-- global_logistic.globalistuc_about -->
