<?xml version="1.0" encoding="UTF-8"?>
<!-- Generated by org.testng.reporters.JUnitReportReporter -->
<testsuite hostname="NTBK637000" failures="0" tests="3" name="global_logistic.Homepage" time="2.155" errors="0" timestamp="2024-12-28T11:51:31 IST" skipped="0">
  <testcase classname="global_logistic.Homepage" name="username" time="0.594"/>
  <testcase classname="global_logistic.Homepage" name="pwd" time="0.152"/>
  <testcase classname="global_logistic.Homepage" name="login" time="1.409"/>
</testsuite> <!-- global_logistic.Homepage -->
