<?xml version="1.0" encoding="UTF-8"?>
<!-- Generated by org.testng.reporters.JUnitReportReporter -->
<testsuite hostname="DESKTOP-C6K58SA" failures="0" tests="10" name="globallogitic.homepage" time="11.988" errors="0" timestamp="2024-12-25T21:45:11 IST" skipped="0">
  <testcase classname="globallogitic.homepage" name="who_weare" time="2.699"/>
  <system-out/>
  <testcase classname="globallogitic.homepage" name="logo" time="0.898"/>
  <system-out/>
  <testcase classname="globallogitic.homepage" name="what_wedo" time="0.978"/>
  <system-out/>
  <testcase classname="globallogitic.homepage" name="facebook_button" time="2.218"/>
  <system-out/>
  <testcase classname="globallogitic.homepage" name="twitter_button" time="1.341"/>
  <system-out/>
  <testcase classname="globallogitic.homepage" name="land_transportation" time="0.292"/>
  <system-out/>
  <testcase classname="globallogitic.homepage" name="Air_Freight" time="0.601"/>
  <system-out/>
  <testcase classname="globallogitic.homepage" name="Wh_package" time="0.359"/>
  <system-out/>
  <testcase classname="globallogitic.homepage" name="Get_aquote" time="2.347"/>
  <system-out/>
  <testcase classname="globallogitic.homepage" name="scroll" time="0.255"/>
  <system-out/>
</testsuite> <!-- globallogitic.homepage -->
