<?xml version="1.0" encoding="UTF-8"?>
<!-- Generated by org.testng.reporters.JUnitReportReporter -->
<testsuite hostname="KSHITIJ-NAG" failures="0" tests="1" name="global_logistics_automation.glolog_about" time="3.581" errors="0" timestamp="2024-11-18T09:53:32 IST" skipped="0">
  <testcase classname="global_logistics_automation.glolog_about" name="about" time="3.581"/>
</testsuite> <!-- global_logistics_automation.glolog_about -->
