<?xml version="1.0" encoding="UTF-8"?>
<!-- Generated by org.testng.reporters.JUnitReportReporter -->
<testsuite hostname="DESKTOP-QUA52OO" failures="0" tests="1" name="globallogistic.about" time="1.128" errors="0" timestamp="2024-12-25T21:57:59 IST" skipped="0">
  <testcase classname="globallogistic.about" name="about" time="1.128"/>
</testsuite> <!-- globallogistic.about -->
