<?xml version="1.0" encoding="UTF-8"?>
<!-- Generated by org.testng.reporters.JUnitReportReporter -->
<testsuite hostname="DESKTOP-C6K58SA" failures="0" tests="1" name="globallogitic.About" time="0.905" errors="0" timestamp="2024-12-25T21:45:11 IST" skipped="0">
  <testcase classname="globallogitic.About" name="about" time="0.905"/>
  <system-out/>
</testsuite> <!-- globallogitic.About -->
