<?xml version="1.0" encoding="UTF-8"?>
<!-- Generated by org.testng.reporters.JUnitReportReporter -->
<testsuite hostname="NTBK637000" failures="0" tests="8" name="global_logistic.globalistic_carrer" time="0.156" errors="0" timestamp="2024-12-28T11:42:54 IST" skipped="8">
  <testcase classname="global_logistic.globalistic_carrer" name="navigate" time="0.000">
    <skipped/>
  </testcase> <!-- navigate -->
  <testcase classname="global_logistic.globalistic_carrer" name="img1" time="0.000">
    <skipped/>
  </testcase> <!-- img1 -->
  <testcase classname="global_logistic.globalistic_carrer" name="img2" time="0.000">
    <skipped/>
  </testcase> <!-- img2 -->
  <testcase classname="global_logistic.globalistic_carrer" name="img3" time="0.000">
    <skipped/>
  </testcase> <!-- img3 -->
  <testcase classname="global_logistic.globalistic_carrer" name="img4" time="0.001">
    <skipped/>
  </testcase> <!-- img4 -->
  <testcase classname="global_logistic.globalistic_carrer" name="img5" time="0.000">
    <skipped/>
  </testcase> <!-- img5 -->
  <testcase classname="global_logistic.globalistic_carrer" name="img6" time="0.155">
    <skipped/>
  </testcase> <!-- img6 -->
  <testcase classname="global_logistic.globalistic_carrer" name="img7" time="0.000">
    <skipped/>
  </testcase> <!-- img7 -->
</testsuite> <!-- global_logistic.globalistic_carrer -->
