<?xml version="1.0" encoding="UTF-8"?>
<!-- Generated by org.testng.reporters.JUnitReportReporter -->
<testsuite hostname="DESKTOP-QUA52OO" failures="0" tests="11" name="globallogistic.homepage" time="20.351" errors="0" timestamp="2024-12-25T21:57:59 IST" skipped="0">
  <testcase classname="globallogistic.homepage" name="who_weare" time="1.078"/>
  <testcase classname="globallogistic.homepage" name="logo" time="0.925"/>
  <testcase classname="globallogistic.homepage" name="what_wedo" time="2.706"/>
  <testcase classname="globallogistic.homepage" name="facebook_button" time="2.390"/>
  <testcase classname="globallogistic.homepage" name="twitter_button" time="2.293"/>
  <testcase classname="globallogistic.homepage" name="search_button" time="1.481"/>
  <testcase classname="globallogistic.homepage" name="land_transportation" time="5.344"/>
  <testcase classname="globallogistic.homepage" name="air_freight" time="0.192"/>
  <testcase classname="globallogistic.homepage" name="warehouse_packaging" time="0.136"/>
  <testcase classname="globallogistic.homepage" name="get_a_quote" time="3.657"/>
  <testcase classname="globallogistic.homepage" name="scroll_to_up" time="0.149"/>
</testsuite> <!-- globallogistic.homepage -->
