<?xml version="1.0" encoding="UTF-8"?>
<!-- Generated by org.testng.reporters.JUnitReportReporter -->
<testsuite hostname="DESKTOP-Q8AT4LS" failures="0" tests="5" name="Global_Logistic.HomePage" time="2.562" errors="0" timestamp="2024-12-22T18:08:49 IST" skipped="0">
  <testcase classname="Global_Logistic.HomePage" name="logoDisplayed" time="0.247"/>
  <testcase classname="Global_Logistic.HomePage" name="Whoweare" time="0.521"/>
  <testcase classname="Global_Logistic.HomePage" name="Search" time="1.149"/>
  <testcase classname="Global_Logistic.HomePage" name="Whatwedo" time="0.537"/>
  <testcase classname="Global_Logistic.HomePage" name="Oservices" time="0.108"/>
</testsuite> <!-- Global_Logistic.HomePage -->
